TN:
SF:src/modules/appointments/services/CreateAppointmentService.ts
FN:19,(anonymous_18)
FN:20,CreateAppointmentService
FN:25,(anonymous_20)
FNF:3
FNH:3
FNDA:1,(anonymous_18)
FNDA:2,CreateAppointmentService
FNDA:3,(anonymous_20)
DA:1,1
DA:2,1
DA:5,1
DA:19,1
DA:22,2
DA:25,3
DA:26,3
DA:28,3
DA:32,3
DA:33,1
DA:35,2
DA:40,2
DA:42,1
DA:44,1
LF:14
LH:14
BRDA:32,0,0,1
BRDA:32,0,1,2
BRF:2
BRH:2
end_of_record
TN:
SF:src/modules/users/services/AuthenticateUserService.ts
FN:28,(anonymous_18)
FN:29,AuthenticateUserService
FN:37,(anonymous_20)
FNF:3
FNH:3
FNDA:1,(anonymous_18)
FNDA:3,AuthenticateUserService
FNDA:3,(anonymous_20)
DA:1,1
DA:2,1
DA:5,1
DA:8,1
DA:28,1
DA:31,3
DA:34,3
DA:37,3
DA:38,3
DA:40,3
DA:41,1
DA:44,2
DA:49,2
DA:50,1
DA:53,1
DA:55,1
DA:60,1
DA:62,1
DA:64,1
LF:19
LH:19
BRDA:38,0,0,3
BRDA:40,1,0,1
BRDA:40,1,1,2
BRDA:49,2,0,1
BRDA:49,2,1,1
BRF:5
BRH:5
end_of_record
TN:
SF:src/modules/users/services/CreateUserService.ts
FN:18,(anonymous_18)
FN:19,CreateUserService
FN:27,(anonymous_20)
FNF:3
FNH:3
FNDA:2,(anonymous_18)
FNDA:5,CreateUserService
FNDA:5,(anonymous_20)
DA:1,2
DA:4,2
DA:18,2
DA:21,5
DA:24,5
DA:27,5
DA:28,5
DA:30,5
DA:31,1
DA:34,4
DA:36,4
DA:42,4
DA:44,2
DA:46,2
LF:14
LH:14
BRDA:28,0,0,5
BRDA:30,1,0,1
BRDA:30,1,1,4
BRF:3
BRH:3
end_of_record
TN:
SF:src/modules/users/services/ResetPasswordService.ts
FN:19,(anonymous_18)
FN:20,ResetPasswordService
FN:31,(anonymous_20)
FNF:3
FNH:3
FNDA:1,(anonymous_18)
FNDA:4,ResetPasswordService
FNDA:4,(anonymous_20)
DA:1,1
DA:2,1
DA:5,1
DA:19,1
DA:22,4
DA:25,4
DA:28,4
DA:31,4
DA:32,4
DA:34,4
DA:35,1
DA:38,3
DA:40,3
DA:41,1
DA:44,2
DA:45,2
DA:47,2
DA:48,1
DA:51,1
DA:53,2
DA:55,1
DA:57,1
LF:22
LH:22
BRDA:32,0,0,4
BRDA:34,1,0,1
BRDA:34,1,1,3
BRDA:40,2,0,1
BRDA:40,2,1,2
BRDA:47,3,0,1
BRDA:47,3,1,1
BRF:7
BRH:7
end_of_record
TN:
SF:src/modules/users/services/SendForgotPasswordEmailService.ts
FN:18,(anonymous_18)
FN:19,SendForgotPasswordEmailService
FN:30,(anonymous_20)
FNF:3
FNH:3
FNDA:1,(anonymous_18)
FNDA:3,SendForgotPasswordEmailService
FNDA:3,(anonymous_20)
DA:1,1
DA:2,1
DA:5,1
DA:18,1
DA:21,3
DA:24,3
DA:27,3
DA:30,3
DA:31,3
DA:33,3
DA:34,1
DA:37,2
DA:39,2
DA:46,4
DA:61,1
DA:63,1
LF:16
LH:16
BRDA:31,0,0,3
BRDA:33,1,0,1
BRDA:33,1,1,2
BRF:3
BRH:3
end_of_record
TN:
SF:src/modules/users/services/UpdateUserAvatarService.ts
FN:22,(anonymous_18)
FN:23,UpdateUserAvatarService
FN:31,(anonymous_20)
FNF:3
FNH:3
FNDA:1,(anonymous_18)
FNDA:3,UpdateUserAvatarService
FNDA:4,(anonymous_20)
DA:1,1
DA:6,1
DA:22,1
DA:25,3
DA:28,3
DA:31,4
DA:32,4
DA:34,4
DA:35,1
DA:38,5
DA:39,2
DA:42,3
DA:44,3
DA:46,6
DA:48,3
DA:50,1
DA:52,1
LF:17
LH:17
BRDA:32,0,0,4
BRDA:32,0,1,3
BRDA:34,1,0,1
BRDA:34,1,1,3
BRDA:38,2,0,2
BRDA:38,2,1,1
BRF:6
BRH:6
end_of_record
